Arguments: 
  C:\Program Files\nodejs\node.exe C:\Users\maeuz\AppData\Roaming\npm\node_modules\yarn\bin\yarn.js add -D noemon

PATH: 
  C:\Program Files (x86)\Common Files\Oracle\Java\javapath;C:\WINDOWS\system32;C:\WINDOWS;C:\WINDOWS\System32\Wbem;C:\WINDOWS\System32\WindowsPowerShell\v1.0\;C:\WINDOWS\System32\OpenSSH\;C:\Program Files (x86)\Intel\Intel(R) Management Engine Components\DAL;C:\Program Files\Intel\Intel(R) Management Engine Components\DAL;C:\Program Files (x86)\Intel\Intel(R) Management Engine Components\IPT;C:\Program Files\Intel\Intel(R) Management Engine Components\IPT;C:\Program Files (x86)\Windows Live\Shared;C:\Program Files\Git\cmd;C:\Program Files\nodejs\;C:\Program Files\MySQL\MySQL Shell 8.0\bin\;C:\Users\maeuz\AppData\Local\Programs\Python\Python38-32\Scripts\;C:\Users\maeuz\AppData\Local\Programs\Python\Python38-32\;C:\Users\maeuz\AppData\Local\Microsoft\WindowsApps;;C:\Users\maeuz\AppData\Local\Programs\Microsoft VS Code\bin;C:\Users\maeuz\AppData\Roaming\npm

Yarn version: 
  1.22.13

Node version: 
  14.18.0

Platform: 
  win32 x64

Trace: 
  Error: https://registry.yarnpkg.com/noemon: Not found
      at Request.params.callback [as _callback] (C:\Users\maeuz\AppData\Roaming\npm\node_modules\yarn\lib\cli.js:66138:18)
      at Request.self.callback (C:\Users\maeuz\AppData\Roaming\npm\node_modules\yarn\lib\cli.js:140881:22)
      at Request.emit (events.js:400:28)
      at Request.<anonymous> (C:\Users\maeuz\AppData\Roaming\npm\node_modules\yarn\lib\cli.js:141853:10)
      at Request.emit (events.js:400:28)
      at IncomingMessage.<anonymous> (C:\Users\maeuz\AppData\Roaming\npm\node_modules\yarn\lib\cli.js:141775:12)
      at Object.onceWrapper (events.js:519:28)
      at IncomingMessage.emit (events.js:412:35)
      at endReadableNT (internal/streams/readable.js:1334:12)
      at processTicksAndRejections (internal/process/task_queues.js:82:21)

npm manifest: 
  No manifest

yarn manifest: 
  No manifest

Lockfile: 
  # THIS IS AN AUTOGENERATED FILE. DO NOT EDIT THIS FILE DIRECTLY.
  # yarn lockfile v1
